<?xml version="1.0" encoding="UTF-8"?>
<!-- Generated by org.testng.reporters.JUnitReportReporter -->
<testsuite hostname="JG4PPF2" failures="0" tests="2" name="example.FirstTest" time="26.884" errors="0" timestamp="2021-10-12T15:47:30 WEST" skipped="0">
  <testcase classname="example.FirstTest" name="GOOGLE" time="8.877"/>
  <system-out/>
  <testcase classname="example.FirstTest" name="GOOGLE2" time="18.007"/>
  <system-out/>
</testsuite> <!-- example.FirstTest -->
